1581020402401	mozrunner::runner	INFO	Running command: "/Applications/Firefox.app/Contents/MacOS/firefox-bin" "-marionette" "-foreground" "-no-remote" "-profile" "/var/folders/28/036hxzrj03l5mql22r23rft40000gn/T/rust_mozprofile69wmyX"
1581020402911	addons.webextension.doh-rollout@mozilla.org	WARN	Loading extension 'doh-rollout@mozilla.org': Reading manifest: Invalid extension permission: networkStatus
1581020403060	addons.webextension.screenshots@mozilla.org	WARN	Loading extension 'screenshots@mozilla.org': Reading manifest: Invalid extension permission: mozillaAddons
1581020403060	addons.webextension.screenshots@mozilla.org	WARN	Loading extension 'screenshots@mozilla.org': Reading manifest: Invalid extension permission: telemetry
1581020403060	addons.webextension.screenshots@mozilla.org	WARN	Loading extension 'screenshots@mozilla.org': Reading manifest: Invalid extension permission: resource://pdf.js/
1581020403060	addons.webextension.screenshots@mozilla.org	WARN	Loading extension 'screenshots@mozilla.org': Reading manifest: Invalid extension permission: about:reader*
1581020404516	Marionette	INFO	Listening on port 51698
1581020404547	Marionette	WARN	TLS certificate errors will be ignored for this session
JavaScript warning: https://ataylorprint.printercloud.com/assets/scripts/common-1dc9b6bb93.js, line 3686: unreachable code after return statement
JavaScript warning: https://ataylorprint.printercloud.com/assets/scripts/common-1dc9b6bb93.js, line 12223: unreachable code after return statement
JavaScript warning: https://ataylorprint.printercloud.com/assets/scripts/admin-46e311972b.js, line 19402: Using //@ to indicate sourceMappingURL pragmas is deprecated. Use //# instead
JavaScript warning: https://ataylorprint.printercloud.com/assets/scripts/jquery-72dc0c1191.js, line 3686: unreachable code after return statement
JavaScript warning: https://ataylorprint.printercloud.com/assets/scripts/common-1dc9b6bb93.js, line 3686: unreachable code after return statement
JavaScript warning: https://ataylorprint.printercloud.com/assets/scripts/common-1dc9b6bb93.js, line 12223: unreachable code after return statement
JavaScript warning: https://ataylorprint.printercloud.com/assets/scripts/admin-46e311972b.js, line 19402: Using //@ to indicate sourceMappingURL pragmas is deprecated. Use //# instead
JavaScript warning: https://ataylorprint.printercloud.com/assets/scripts/common-1dc9b6bb93.js, line 3686: unreachable code after return statement
JavaScript warning: https://ataylorprint.printercloud.com/assets/scripts/common-1dc9b6bb93.js, line 12223: unreachable code after return statement
JavaScript warning: https://ataylorprint.printercloud.com/assets/scripts/admin-46e311972b.js, line 19402: Using //@ to indicate sourceMappingURL pragmas is deprecated. Use //# instead
JavaScript warning: https://ataylorprint.printercloud.com/assets/scripts/common-1dc9b6bb93.js, line 3686: unreachable code after return statement
JavaScript warning: https://ataylorprint.printercloud.com/assets/scripts/common-1dc9b6bb93.js, line 12223: unreachable code after return statement
JavaScript warning: https://ataylorprint.printercloud.com/assets/scripts/admin-46e311972b.js, line 19402: Using //@ to indicate sourceMappingURL pragmas is deprecated. Use //# instead
JavaScript warning: https://ataylorprint.printercloud.com/assets/scripts/common-1dc9b6bb93.js, line 3686: unreachable code after return statement
JavaScript warning: https://ataylorprint.printercloud.com/assets/scripts/common-1dc9b6bb93.js, line 12223: unreachable code after return statement
JavaScript warning: https://ataylorprint.printercloud.com/assets/scripts/admin-46e311972b.js, line 19402: Using //@ to indicate sourceMappingURL pragmas is deprecated. Use //# instead
JavaScript warning: https://ataylorprint.printercloud.com/assets/scripts/common-1dc9b6bb93.js, line 3686: unreachable code after return statement
JavaScript warning: https://ataylorprint.printercloud.com/assets/scripts/common-1dc9b6bb93.js, line 12223: unreachable code after return statement
JavaScript warning: https://ataylorprint.printercloud.com/assets/scripts/admin-46e311972b.js, line 19402: Using //@ to indicate sourceMappingURL pragmas is deprecated. Use //# instead
1581020448910	Marionette	INFO	Stopped listening on port 51698
1581020484185	mozrunner::runner	INFO	Running command: "/Applications/Firefox.app/Contents/MacOS/firefox-bin" "-marionette" "-foreground" "-no-remote" "-profile" "/var/folders/28/036hxzrj03l5mql22r23rft40000gn/T/rust_mozprofileZtB9a6"
1581020484575	addons.webextension.doh-rollout@mozilla.org	WARN	Loading extension 'doh-rollout@mozilla.org': Reading manifest: Invalid extension permission: networkStatus
1581020484668	addons.webextension.screenshots@mozilla.org	WARN	Loading extension 'screenshots@mozilla.org': Reading manifest: Invalid extension permission: mozillaAddons
1581020484668	addons.webextension.screenshots@mozilla.org	WARN	Loading extension 'screenshots@mozilla.org': Reading manifest: Invalid extension permission: telemetry
1581020484668	addons.webextension.screenshots@mozilla.org	WARN	Loading extension 'screenshots@mozilla.org': Reading manifest: Invalid extension permission: resource://pdf.js/
1581020484668	addons.webextension.screenshots@mozilla.org	WARN	Loading extension 'screenshots@mozilla.org': Reading manifest: Invalid extension permission: about:reader*
1581020486153	Marionette	INFO	Listening on port 51867
1581020486239	Marionette	WARN	TLS certificate errors will be ignored for this session
1581020536304	Marionette	INFO	Stopped listening on port 51867
1581020667581	mozrunner::runner	INFO	Running command: "/Applications/Firefox.app/Contents/MacOS/firefox-bin" "-marionette" "-foreground" "-no-remote" "-profile" "/var/folders/28/036hxzrj03l5mql22r23rft40000gn/T/rust_mozprofilexRSRuy"
1581020667972	addons.webextension.doh-rollout@mozilla.org	WARN	Loading extension 'doh-rollout@mozilla.org': Reading manifest: Invalid extension permission: networkStatus
1581020668070	addons.webextension.screenshots@mozilla.org	WARN	Loading extension 'screenshots@mozilla.org': Reading manifest: Invalid extension permission: mozillaAddons
1581020668070	addons.webextension.screenshots@mozilla.org	WARN	Loading extension 'screenshots@mozilla.org': Reading manifest: Invalid extension permission: telemetry
1581020668070	addons.webextension.screenshots@mozilla.org	WARN	Loading extension 'screenshots@mozilla.org': Reading manifest: Invalid extension permission: resource://pdf.js/
1581020668070	addons.webextension.screenshots@mozilla.org	WARN	Loading extension 'screenshots@mozilla.org': Reading manifest: Invalid extension permission: about:reader*
1581020669574	Marionette	INFO	Listening on port 52049
1581020669639	Marionette	WARN	TLS certificate errors will be ignored for this session
1581020740787	mozrunner::runner	INFO	Running command: "/Applications/Firefox.app/Contents/MacOS/firefox-bin" "-marionette" "-foreground" "-no-remote" "-profile" "/var/folders/28/036hxzrj03l5mql22r23rft40000gn/T/rust_mozprofileKgU9qX"
1581020741260	addons.webextension.doh-rollout@mozilla.org	WARN	Loading extension 'doh-rollout@mozilla.org': Reading manifest: Invalid extension permission: networkStatus
1581020741352	addons.webextension.screenshots@mozilla.org	WARN	Loading extension 'screenshots@mozilla.org': Reading manifest: Invalid extension permission: mozillaAddons
1581020741352	addons.webextension.screenshots@mozilla.org	WARN	Loading extension 'screenshots@mozilla.org': Reading manifest: Invalid extension permission: telemetry
1581020741352	addons.webextension.screenshots@mozilla.org	WARN	Loading extension 'screenshots@mozilla.org': Reading manifest: Invalid extension permission: resource://pdf.js/
1581020741352	addons.webextension.screenshots@mozilla.org	WARN	Loading extension 'screenshots@mozilla.org': Reading manifest: Invalid extension permission: about:reader*
1581020742978	Marionette	INFO	Listening on port 52188
1581020743046	Marionette	WARN	TLS certificate errors will be ignored for this session
JavaScript warning: https://ataylorprint.printercloud.com/assets/scripts/common-1dc9b6bb93.js, line 3686: unreachable code after return statement
JavaScript warning: https://ataylorprint.printercloud.com/assets/scripts/common-1dc9b6bb93.js, line 12223: unreachable code after return statement
JavaScript warning: https://ataylorprint.printercloud.com/assets/scripts/admin-46e311972b.js, line 19402: Using //@ to indicate sourceMappingURL pragmas is deprecated. Use //# instead
JavaScript warning: https://ataylorprint.printercloud.com/assets/scripts/jquery-72dc0c1191.js, line 3686: unreachable code after return statement
JavaScript warning: https://ataylorprint.printercloud.com/assets/scripts/common-1dc9b6bb93.js, line 3686: unreachable code after return statement
JavaScript warning: https://ataylorprint.printercloud.com/assets/scripts/common-1dc9b6bb93.js, line 12223: unreachable code after return statement
JavaScript warning: https://ataylorprint.printercloud.com/assets/scripts/admin-46e311972b.js, line 19402: Using //@ to indicate sourceMappingURL pragmas is deprecated. Use //# instead
JavaScript warning: https://ataylorprint.printercloud.com/assets/scripts/common-1dc9b6bb93.js, line 3686: unreachable code after return statement
JavaScript warning: https://ataylorprint.printercloud.com/assets/scripts/common-1dc9b6bb93.js, line 12223: unreachable code after return statement
JavaScript warning: https://ataylorprint.printercloud.com/assets/scripts/admin-46e311972b.js, line 19402: Using //@ to indicate sourceMappingURL pragmas is deprecated. Use //# instead
JavaScript warning: https://ataylorprint.printercloud.com/assets/scripts/common-1dc9b6bb93.js, line 3686: unreachable code after return statement
JavaScript warning: https://ataylorprint.printercloud.com/assets/scripts/common-1dc9b6bb93.js, line 12223: unreachable code after return statement
JavaScript warning: https://ataylorprint.printercloud.com/assets/scripts/admin-46e311972b.js, line 19402: Using //@ to indicate sourceMappingURL pragmas is deprecated. Use //# instead
JavaScript warning: https://ataylorprint.printercloud.com/assets/scripts/common-1dc9b6bb93.js, line 3686: unreachable code after return statement
JavaScript warning: https://ataylorprint.printercloud.com/assets/scripts/common-1dc9b6bb93.js, line 12223: unreachable code after return statement
JavaScript warning: https://ataylorprint.printercloud.com/assets/scripts/admin-46e311972b.js, line 19402: Using //@ to indicate sourceMappingURL pragmas is deprecated. Use //# instead
JavaScript warning: https://ataylorprint.printercloud.com/assets/scripts/common-1dc9b6bb93.js, line 3686: unreachable code after return statement
JavaScript warning: https://ataylorprint.printercloud.com/assets/scripts/common-1dc9b6bb93.js, line 12223: unreachable code after return statement
JavaScript warning: https://ataylorprint.printercloud.com/assets/scripts/admin-46e311972b.js, line 19402: Using //@ to indicate sourceMappingURL pragmas is deprecated. Use //# instead
1581020991776	mozrunner::runner	INFO	Running command: "/Applications/Firefox.app/Contents/MacOS/firefox-bin" "-marionette" "-foreground" "-no-remote" "-profile" "/var/folders/28/036hxzrj03l5mql22r23rft40000gn/T/rust_mozprofiledPONJu"
1581020992222	addons.webextension.doh-rollout@mozilla.org	WARN	Loading extension 'doh-rollout@mozilla.org': Reading manifest: Invalid extension permission: networkStatus
1581020992312	addons.webextension.screenshots@mozilla.org	WARN	Loading extension 'screenshots@mozilla.org': Reading manifest: Invalid extension permission: mozillaAddons
1581020992312	addons.webextension.screenshots@mozilla.org	WARN	Loading extension 'screenshots@mozilla.org': Reading manifest: Invalid extension permission: telemetry
1581020992312	addons.webextension.screenshots@mozilla.org	WARN	Loading extension 'screenshots@mozilla.org': Reading manifest: Invalid extension permission: resource://pdf.js/
1581020992312	addons.webextension.screenshots@mozilla.org	WARN	Loading extension 'screenshots@mozilla.org': Reading manifest: Invalid extension permission: about:reader*
1581020993795	Marionette	INFO	Listening on port 52459
1581020993818	Marionette	WARN	TLS certificate errors will be ignored for this session
JavaScript warning: https://ataylorprint.printercloud.com/assets/scripts/common-1dc9b6bb93.js, line 3686: unreachable code after return statement
JavaScript warning: https://ataylorprint.printercloud.com/assets/scripts/common-1dc9b6bb93.js, line 12223: unreachable code after return statement
JavaScript warning: https://ataylorprint.printercloud.com/assets/scripts/admin-46e311972b.js, line 19402: Using //@ to indicate sourceMappingURL pragmas is deprecated. Use //# instead
1581021063497	Marionette	WARN	TimedPromise timed out after 500 ms: stacktrace:
bail@chrome://marionette/content/sync.js:237:64
JavaScript warning: https://ataylorprint.printercloud.com/assets/scripts/jquery-72dc0c1191.js, line 3686: unreachable code after return statement
JavaScript warning: https://ataylorprint.printercloud.com/assets/scripts/common-1dc9b6bb93.js, line 3686: unreachable code after return statement
JavaScript warning: https://ataylorprint.printercloud.com/assets/scripts/common-1dc9b6bb93.js, line 12223: unreachable code after return statement
JavaScript warning: https://ataylorprint.printercloud.com/assets/scripts/admin-46e311972b.js, line 19402: Using //@ to indicate sourceMappingURL pragmas is deprecated. Use //# instead
1581021074472	Marionette	WARN	TimedPromise timed out after 500 ms: stacktrace:
bail@chrome://marionette/content/sync.js:237:64
JavaScript warning: https://ataylorprint.printercloud.com/assets/scripts/common-1dc9b6bb93.js, line 3686: unreachable code after return statement
JavaScript warning: https://ataylorprint.printercloud.com/assets/scripts/common-1dc9b6bb93.js, line 12223: unreachable code after return statement
JavaScript warning: https://ataylorprint.printercloud.com/assets/scripts/admin-46e311972b.js, line 19402: Using //@ to indicate sourceMappingURL pragmas is deprecated. Use //# instead
1581021082705	Marionette	WARN	TimedPromise timed out after 500 ms: stacktrace:
bail@chrome://marionette/content/sync.js:237:64
JavaScript warning: https://ataylorprint.printercloud.com/assets/scripts/common-1dc9b6bb93.js, line 3686: unreachable code after return statement
JavaScript warning: https://ataylorprint.printercloud.com/assets/scripts/common-1dc9b6bb93.js, line 12223: unreachable code after return statement
JavaScript warning: https://ataylorprint.printercloud.com/assets/scripts/admin-46e311972b.js, line 19402: Using //@ to indicate sourceMappingURL pragmas is deprecated. Use //# instead
1581021092093	Marionette	WARN	TimedPromise timed out after 500 ms: stacktrace:
bail@chrome://marionette/content/sync.js:237:64
JavaScript warning: https://ataylorprint.printercloud.com/assets/scripts/common-1dc9b6bb93.js, line 3686: unreachable code after return statement
JavaScript warning: https://ataylorprint.printercloud.com/assets/scripts/common-1dc9b6bb93.js, line 12223: unreachable code after return statement
JavaScript warning: https://ataylorprint.printercloud.com/assets/scripts/admin-46e311972b.js, line 19402: Using //@ to indicate sourceMappingURL pragmas is deprecated. Use //# instead
1581021101110	Marionette	WARN	TimedPromise timed out after 500 ms: stacktrace:
bail@chrome://marionette/content/sync.js:237:64
JavaScript warning: https://ataylorprint.printercloud.com/assets/scripts/common-1dc9b6bb93.js, line 3686: unreachable code after return statement
JavaScript warning: https://ataylorprint.printercloud.com/assets/scripts/common-1dc9b6bb93.js, line 12223: unreachable code after return statement
1581021104336	Marionette	INFO	Stopped listening on port 52459
JavaScript error: https://ataylorprint.printercloud.com/assets/scripts/common-1dc9b6bb93.js, line 381: NS_ERROR_NOT_INITIALIZED: 
1581021197532	Marionette	INFO	Stopped listening on port 52049
1581021200872	Marionette	INFO	Stopped listening on port 52188
1581021729511	mozrunner::runner	INFO	Running command: "/Applications/Firefox.app/Contents/MacOS/firefox-bin" "-marionette" "-foreground" "-no-remote" "-profile" "/var/folders/28/036hxzrj03l5mql22r23rft40000gn/T/rust_mozprofilefA4J8X"
1581021730046	addons.webextension.doh-rollout@mozilla.org	WARN	Loading extension 'doh-rollout@mozilla.org': Reading manifest: Invalid extension permission: networkStatus
1581021730160	addons.webextension.screenshots@mozilla.org	WARN	Loading extension 'screenshots@mozilla.org': Reading manifest: Invalid extension permission: mozillaAddons
1581021730160	addons.webextension.screenshots@mozilla.org	WARN	Loading extension 'screenshots@mozilla.org': Reading manifest: Invalid extension permission: telemetry
1581021730160	addons.webextension.screenshots@mozilla.org	WARN	Loading extension 'screenshots@mozilla.org': Reading manifest: Invalid extension permission: resource://pdf.js/
1581021730160	addons.webextension.screenshots@mozilla.org	WARN	Loading extension 'screenshots@mozilla.org': Reading manifest: Invalid extension permission: about:reader*
1581021731745	Marionette	INFO	Listening on port 52958
1581021731797	Marionette	WARN	TLS certificate errors will be ignored for this session
JavaScript warning: https://ataylorprint.printercloud.com/assets/scripts/common-1dc9b6bb93.js, line 3686: unreachable code after return statement
JavaScript warning: https://ataylorprint.printercloud.com/assets/scripts/common-1dc9b6bb93.js, line 12223: unreachable code after return statement
JavaScript warning: https://ataylorprint.printercloud.com/assets/scripts/admin-46e311972b.js, line 19402: Using //@ to indicate sourceMappingURL pragmas is deprecated. Use //# instead
JavaScript warning: https://ataylorprint.printercloud.com/assets/scripts/jquery-72dc0c1191.js, line 3686: unreachable code after return statement
JavaScript warning: https://ataylorprint.printercloud.com/assets/scripts/common-1dc9b6bb93.js, line 3686: unreachable code after return statement
JavaScript warning: https://ataylorprint.printercloud.com/assets/scripts/common-1dc9b6bb93.js, line 12223: unreachable code after return statement
JavaScript warning: https://ataylorprint.printercloud.com/assets/scripts/admin-46e311972b.js, line 19402: Using //@ to indicate sourceMappingURL pragmas is deprecated. Use //# instead
JavaScript warning: https://ataylorprint.printercloud.com/assets/scripts/common-1dc9b6bb93.js, line 3686: unreachable code after return statement
JavaScript warning: https://ataylorprint.printercloud.com/assets/scripts/common-1dc9b6bb93.js, line 12223: unreachable code after return statement
JavaScript warning: https://ataylorprint.printercloud.com/assets/scripts/admin-46e311972b.js, line 19402: Using //@ to indicate sourceMappingURL pragmas is deprecated. Use //# instead
JavaScript warning: https://ataylorprint.printercloud.com/assets/scripts/common-1dc9b6bb93.js, line 3686: unreachable code after return statement
JavaScript warning: https://ataylorprint.printercloud.com/assets/scripts/common-1dc9b6bb93.js, line 12223: unreachable code after return statement
JavaScript warning: https://ataylorprint.printercloud.com/assets/scripts/admin-46e311972b.js, line 19402: Using //@ to indicate sourceMappingURL pragmas is deprecated. Use //# instead
JavaScript warning: https://ataylorprint.printercloud.com/assets/scripts/common-1dc9b6bb93.js, line 3686: unreachable code after return statement
JavaScript warning: https://ataylorprint.printercloud.com/assets/scripts/common-1dc9b6bb93.js, line 12223: unreachable code after return statement
JavaScript warning: https://ataylorprint.printercloud.com/assets/scripts/admin-46e311972b.js, line 19402: Using //@ to indicate sourceMappingURL pragmas is deprecated. Use //# instead
JavaScript warning: https://ataylorprint.printercloud.com/assets/scripts/common-1dc9b6bb93.js, line 3686: unreachable code after return statement
JavaScript warning: https://ataylorprint.printercloud.com/assets/scripts/common-1dc9b6bb93.js, line 12223: unreachable code after return statement
JavaScript warning: https://ataylorprint.printercloud.com/assets/scripts/admin-46e311972b.js, line 19402: Using //@ to indicate sourceMappingURL pragmas is deprecated. Use //# instead
1581021817589	Marionette	INFO	Stopped listening on port 52958

###!!! [Child][RunMessage] Error: Channel closing: too late to send/recv, messages will be lost

1581021956890	mozrunner::runner	INFO	Running command: "/Applications/Firefox.app/Contents/MacOS/firefox-bin" "-marionette" "-foreground" "-no-remote" "-profile" "/var/folders/28/036hxzrj03l5mql22r23rft40000gn/T/rust_mozprofileGDYwDf"
1581021957266	addons.webextension.doh-rollout@mozilla.org	WARN	Loading extension 'doh-rollout@mozilla.org': Reading manifest: Invalid extension permission: networkStatus
1581021957350	addons.webextension.screenshots@mozilla.org	WARN	Loading extension 'screenshots@mozilla.org': Reading manifest: Invalid extension permission: mozillaAddons
1581021957350	addons.webextension.screenshots@mozilla.org	WARN	Loading extension 'screenshots@mozilla.org': Reading manifest: Invalid extension permission: telemetry
1581021957350	addons.webextension.screenshots@mozilla.org	WARN	Loading extension 'screenshots@mozilla.org': Reading manifest: Invalid extension permission: resource://pdf.js/
1581021957350	addons.webextension.screenshots@mozilla.org	WARN	Loading extension 'screenshots@mozilla.org': Reading manifest: Invalid extension permission: about:reader*
1581021958797	Marionette	INFO	Listening on port 53239
1581021958831	Marionette	WARN	TLS certificate errors will be ignored for this session
JavaScript warning: https://ataylorprint.printercloud.com/assets/scripts/common-1dc9b6bb93.js, line 3686: unreachable code after return statement
JavaScript warning: https://ataylorprint.printercloud.com/assets/scripts/common-1dc9b6bb93.js, line 12223: unreachable code after return statement
JavaScript warning: https://ataylorprint.printercloud.com/assets/scripts/admin-46e311972b.js, line 19402: Using //@ to indicate sourceMappingURL pragmas is deprecated. Use //# instead
JavaScript warning: https://ataylorprint.printercloud.com/assets/scripts/jquery-72dc0c1191.js, line 3686: unreachable code after return statement
JavaScript warning: https://ataylorprint.printercloud.com/assets/scripts/common-1dc9b6bb93.js, line 3686: unreachable code after return statement
JavaScript warning: https://ataylorprint.printercloud.com/assets/scripts/common-1dc9b6bb93.js, line 12223: unreachable code after return statement
JavaScript warning: https://ataylorprint.printercloud.com/assets/scripts/admin-46e311972b.js, line 19402: Using //@ to indicate sourceMappingURL pragmas is deprecated. Use //# instead
JavaScript warning: https://ataylorprint.printercloud.com/assets/scripts/common-1dc9b6bb93.js, line 3686: unreachable code after return statement
JavaScript warning: https://ataylorprint.printercloud.com/assets/scripts/common-1dc9b6bb93.js, line 12223: unreachable code after return statement
JavaScript warning: https://ataylorprint.printercloud.com/assets/scripts/admin-46e311972b.js, line 19402: Using //@ to indicate sourceMappingURL pragmas is deprecated. Use //# instead
JavaScript warning: https://ataylorprint.printercloud.com/assets/scripts/common-1dc9b6bb93.js, line 3686: unreachable code after return statement
JavaScript warning: https://ataylorprint.printercloud.com/assets/scripts/common-1dc9b6bb93.js, line 12223: unreachable code after return statement
JavaScript warning: https://ataylorprint.printercloud.com/assets/scripts/admin-46e311972b.js, line 19402: Using //@ to indicate sourceMappingURL pragmas is deprecated. Use //# instead
JavaScript warning: https://ataylorprint.printercloud.com/assets/scripts/common-1dc9b6bb93.js, line 3686: unreachable code after return statement
JavaScript warning: https://ataylorprint.printercloud.com/assets/scripts/common-1dc9b6bb93.js, line 12223: unreachable code after return statement
JavaScript warning: https://ataylorprint.printercloud.com/assets/scripts/admin-46e311972b.js, line 19402: Using //@ to indicate sourceMappingURL pragmas is deprecated. Use //# instead
JavaScript warning: https://ataylorprint.printercloud.com/assets/scripts/common-1dc9b6bb93.js, line 3686: unreachable code after return statement
JavaScript warning: https://ataylorprint.printercloud.com/assets/scripts/common-1dc9b6bb93.js, line 12223: unreachable code after return statement
JavaScript warning: https://ataylorprint.printercloud.com/assets/scripts/admin-46e311972b.js, line 19402: Using //@ to indicate sourceMappingURL pragmas is deprecated. Use //# instead
1581022079265	Marionette	INFO	Stopped listening on port 53239
1581022190398	mozrunner::runner	INFO	Running command: "/Applications/Firefox.app/Contents/MacOS/firefox-bin" "-marionette" "-foreground" "-no-remote" "-profile" "/var/folders/28/036hxzrj03l5mql22r23rft40000gn/T/rust_mozprofileShj6g0"
1581022190768	addons.webextension.doh-rollout@mozilla.org	WARN	Loading extension 'doh-rollout@mozilla.org': Reading manifest: Invalid extension permission: networkStatus
1581022190855	addons.webextension.screenshots@mozilla.org	WARN	Loading extension 'screenshots@mozilla.org': Reading manifest: Invalid extension permission: mozillaAddons
1581022190855	addons.webextension.screenshots@mozilla.org	WARN	Loading extension 'screenshots@mozilla.org': Reading manifest: Invalid extension permission: telemetry
1581022190855	addons.webextension.screenshots@mozilla.org	WARN	Loading extension 'screenshots@mozilla.org': Reading manifest: Invalid extension permission: resource://pdf.js/
1581022190855	addons.webextension.screenshots@mozilla.org	WARN	Loading extension 'screenshots@mozilla.org': Reading manifest: Invalid extension permission: about:reader*
1581022192333	Marionette	INFO	Listening on port 53490
1581022192432	Marionette	WARN	TLS certificate errors will be ignored for this session
JavaScript warning: https://ataylorprint.printercloud.com/assets/scripts/common-1dc9b6bb93.js, line 3686: unreachable code after return statement
JavaScript warning: https://ataylorprint.printercloud.com/assets/scripts/common-1dc9b6bb93.js, line 12223: unreachable code after return statement
JavaScript warning: https://ataylorprint.printercloud.com/assets/scripts/admin-46e311972b.js, line 19402: Using //@ to indicate sourceMappingURL pragmas is deprecated. Use //# instead
JavaScript warning: https://ataylorprint.printercloud.com/assets/scripts/jquery-72dc0c1191.js, line 3686: unreachable code after return statement
JavaScript warning: https://ataylorprint.printercloud.com/assets/scripts/common-1dc9b6bb93.js, line 3686: unreachable code after return statement
JavaScript warning: https://ataylorprint.printercloud.com/assets/scripts/common-1dc9b6bb93.js, line 12223: unreachable code after return statement
JavaScript warning: https://ataylorprint.printercloud.com/assets/scripts/admin-46e311972b.js, line 19402: Using //@ to indicate sourceMappingURL pragmas is deprecated. Use //# instead
JavaScript warning: https://ataylorprint.printercloud.com/assets/scripts/common-1dc9b6bb93.js, line 3686: unreachable code after return statement
JavaScript warning: https://ataylorprint.printercloud.com/assets/scripts/common-1dc9b6bb93.js, line 12223: unreachable code after return statement
JavaScript warning: https://ataylorprint.printercloud.com/assets/scripts/admin-46e311972b.js, line 19402: Using //@ to indicate sourceMappingURL pragmas is deprecated. Use //# instead
JavaScript warning: https://ataylorprint.printercloud.com/assets/scripts/common-1dc9b6bb93.js, line 3686: unreachable code after return statement
JavaScript warning: https://ataylorprint.printercloud.com/assets/scripts/common-1dc9b6bb93.js, line 12223: unreachable code after return statement
JavaScript warning: https://ataylorprint.printercloud.com/assets/scripts/admin-46e311972b.js, line 19402: Using //@ to indicate sourceMappingURL pragmas is deprecated. Use //# instead
JavaScript warning: https://ataylorprint.printercloud.com/assets/scripts/common-1dc9b6bb93.js, line 3686: unreachable code after return statement
JavaScript warning: https://ataylorprint.printercloud.com/assets/scripts/common-1dc9b6bb93.js, line 12223: unreachable code after return statement
JavaScript warning: https://ataylorprint.printercloud.com/assets/scripts/admin-46e311972b.js, line 19402: Using //@ to indicate sourceMappingURL pragmas is deprecated. Use //# instead
JavaScript warning: https://ataylorprint.printercloud.com/assets/scripts/common-1dc9b6bb93.js, line 3686: unreachable code after return statement
JavaScript warning: https://ataylorprint.printercloud.com/assets/scripts/common-1dc9b6bb93.js, line 12223: unreachable code after return statement
JavaScript warning: https://ataylorprint.printercloud.com/assets/scripts/admin-46e311972b.js, line 19402: Using //@ to indicate sourceMappingURL pragmas is deprecated. Use //# instead
1581022313580	Marionette	INFO	Stopped listening on port 53490
1581022411057	mozrunner::runner	INFO	Running command: "/Applications/Firefox.app/Contents/MacOS/firefox-bin" "-marionette" "-foreground" "-no-remote" "-profile" "/var/folders/28/036hxzrj03l5mql22r23rft40000gn/T/rust_mozprofilevLp3tI"
1581022411453	addons.webextension.doh-rollout@mozilla.org	WARN	Loading extension 'doh-rollout@mozilla.org': Reading manifest: Invalid extension permission: networkStatus
1581022411541	addons.webextension.screenshots@mozilla.org	WARN	Loading extension 'screenshots@mozilla.org': Reading manifest: Invalid extension permission: mozillaAddons
1581022411541	addons.webextension.screenshots@mozilla.org	WARN	Loading extension 'screenshots@mozilla.org': Reading manifest: Invalid extension permission: telemetry
1581022411541	addons.webextension.screenshots@mozilla.org	WARN	Loading extension 'screenshots@mozilla.org': Reading manifest: Invalid extension permission: resource://pdf.js/
1581022411541	addons.webextension.screenshots@mozilla.org	WARN	Loading extension 'screenshots@mozilla.org': Reading manifest: Invalid extension permission: about:reader*
1581022412964	Marionette	INFO	Listening on port 53798
1581022413013	Marionette	WARN	TLS certificate errors will be ignored for this session
JavaScript warning: https://ataylorprint.printercloud.com/assets/scripts/common-1dc9b6bb93.js, line 3686: unreachable code after return statement
JavaScript warning: https://ataylorprint.printercloud.com/assets/scripts/common-1dc9b6bb93.js, line 12223: unreachable code after return statement
JavaScript warning: https://ataylorprint.printercloud.com/assets/scripts/admin-46e311972b.js, line 19402: Using //@ to indicate sourceMappingURL pragmas is deprecated. Use //# instead
1581022454799	Marionette	WARN	TimedPromise timed out after 500 ms: stacktrace:
bail@chrome://marionette/content/sync.js:237:64
1581022474135	Marionette	INFO	Stopped listening on port 53798
1581023219962	mozrunner::runner	INFO	Running command: "/Applications/Firefox.app/Contents/MacOS/firefox-bin" "-marionette" "-foreground" "-no-remote" "-profile" "/var/folders/28/036hxzrj03l5mql22r23rft40000gn/T/rust_mozprofileXIxQMM"
1581023220638	addons.webextension.doh-rollout@mozilla.org	WARN	Loading extension 'doh-rollout@mozilla.org': Reading manifest: Invalid extension permission: networkStatus
1581023220749	addons.webextension.screenshots@mozilla.org	WARN	Loading extension 'screenshots@mozilla.org': Reading manifest: Invalid extension permission: mozillaAddons
1581023220749	addons.webextension.screenshots@mozilla.org	WARN	Loading extension 'screenshots@mozilla.org': Reading manifest: Invalid extension permission: telemetry
1581023220749	addons.webextension.screenshots@mozilla.org	WARN	Loading extension 'screenshots@mozilla.org': Reading manifest: Invalid extension permission: resource://pdf.js/
1581023220749	addons.webextension.screenshots@mozilla.org	WARN	Loading extension 'screenshots@mozilla.org': Reading manifest: Invalid extension permission: about:reader*
1581023222527	Marionette	INFO	Listening on port 54629
1581023222608	Marionette	WARN	TLS certificate errors will be ignored for this session
1581023287569	Marionette	INFO	Stopped listening on port 54629
1581028848154	mozrunner::runner	INFO	Running command: "/Applications/Firefox.app/Contents/MacOS/firefox-bin" "-marionette" "-foreground" "-no-remote" "-profile" "/var/folders/28/036hxzrj03l5mql22r23rft40000gn/T/rust_mozprofileWn0862"
1581028848822	addons.webextension.doh-rollout@mozilla.org	WARN	Loading extension 'doh-rollout@mozilla.org': Reading manifest: Invalid extension permission: networkStatus
1581028848935	addons.webextension.screenshots@mozilla.org	WARN	Loading extension 'screenshots@mozilla.org': Reading manifest: Invalid extension permission: mozillaAddons
1581028848936	addons.webextension.screenshots@mozilla.org	WARN	Loading extension 'screenshots@mozilla.org': Reading manifest: Invalid extension permission: telemetry
1581028848936	addons.webextension.screenshots@mozilla.org	WARN	Loading extension 'screenshots@mozilla.org': Reading manifest: Invalid extension permission: resource://pdf.js/
1581028848936	addons.webextension.screenshots@mozilla.org	WARN	Loading extension 'screenshots@mozilla.org': Reading manifest: Invalid extension permission: about:reader*
1581028850751	Marionette	INFO	Listening on port 50597
1581028850822	Marionette	WARN	TLS certificate errors will be ignored for this session
1581040467957	Marionette	INFO	Stopped listening on port 50597
1581045474162	mozrunner::runner	INFO	Running command: "/Applications/Firefox.app/Contents/MacOS/firefox-bin" "-marionette" "-foreground" "-no-remote" "-profile" "/var/folders/28/036hxzrj03l5mql22r23rft40000gn/T/rust_mozprofilerrKHO7"
1581045474880	addons.webextension.doh-rollout@mozilla.org	WARN	Loading extension 'doh-rollout@mozilla.org': Reading manifest: Invalid extension permission: networkStatus
1581045474992	addons.webextension.screenshots@mozilla.org	WARN	Loading extension 'screenshots@mozilla.org': Reading manifest: Invalid extension permission: mozillaAddons
1581045474992	addons.webextension.screenshots@mozilla.org	WARN	Loading extension 'screenshots@mozilla.org': Reading manifest: Invalid extension permission: telemetry
1581045474992	addons.webextension.screenshots@mozilla.org	WARN	Loading extension 'screenshots@mozilla.org': Reading manifest: Invalid extension permission: resource://pdf.js/
1581045474992	addons.webextension.screenshots@mozilla.org	WARN	Loading extension 'screenshots@mozilla.org': Reading manifest: Invalid extension permission: about:reader*
1581045476941	Marionette	INFO	Listening on port 51668
1581045476985	Marionette	WARN	TLS certificate errors will be ignored for this session
JavaScript warning: https://ataylorprint.printercloud.com/assets/scripts/common-1dc9b6bb93.js, line 3686: unreachable code after return statement
JavaScript warning: https://ataylorprint.printercloud.com/assets/scripts/common-1dc9b6bb93.js, line 12223: unreachable code after return statement
JavaScript warning: https://ataylorprint.printercloud.com/assets/scripts/admin-46e311972b.js, line 19402: Using //@ to indicate sourceMappingURL pragmas is deprecated. Use //# instead
JavaScript warning: https://ataylorprint.printercloud.com/assets/scripts/jquery-72dc0c1191.js, line 3686: unreachable code after return statement
JavaScript warning: https://ataylorprint.printercloud.com/assets/scripts/common-1dc9b6bb93.js, line 3686: unreachable code after return statement
JavaScript warning: https://ataylorprint.printercloud.com/assets/scripts/common-1dc9b6bb93.js, line 12223: unreachable code after return statement
JavaScript warning: https://ataylorprint.printercloud.com/assets/scripts/admin-46e311972b.js, line 19402: Using //@ to indicate sourceMappingURL pragmas is deprecated. Use //# instead
JavaScript warning: https://ataylorprint.printercloud.com/assets/scripts/common-1dc9b6bb93.js, line 3686: unreachable code after return statement
JavaScript warning: https://ataylorprint.printercloud.com/assets/scripts/common-1dc9b6bb93.js, line 12223: unreachable code after return statement
JavaScript warning: https://ataylorprint.printercloud.com/assets/scripts/admin-46e311972b.js, line 19402: Using //@ to indicate sourceMappingURL pragmas is deprecated. Use //# instead
JavaScript warning: https://ataylorprint.printercloud.com/assets/scripts/common-1dc9b6bb93.js, line 3686: unreachable code after return statement
JavaScript warning: https://ataylorprint.printercloud.com/assets/scripts/common-1dc9b6bb93.js, line 12223: unreachable code after return statement
JavaScript warning: https://ataylorprint.printercloud.com/assets/scripts/admin-46e311972b.js, line 19402: Using //@ to indicate sourceMappingURL pragmas is deprecated. Use //# instead
JavaScript warning: https://ataylorprint.printercloud.com/assets/scripts/common-1dc9b6bb93.js, line 3686: unreachable code after return statement
JavaScript warning: https://ataylorprint.printercloud.com/assets/scripts/common-1dc9b6bb93.js, line 12223: unreachable code after return statement
JavaScript warning: https://ataylorprint.printercloud.com/assets/scripts/admin-46e311972b.js, line 19402: Using //@ to indicate sourceMappingURL pragmas is deprecated. Use //# instead
JavaScript warning: https://ataylorprint.printercloud.com/assets/scripts/common-1dc9b6bb93.js, line 3686: unreachable code after return statement
JavaScript warning: https://ataylorprint.printercloud.com/assets/scripts/common-1dc9b6bb93.js, line 12223: unreachable code after return statement
JavaScript warning: https://ataylorprint.printercloud.com/assets/scripts/admin-46e311972b.js, line 19402: Using //@ to indicate sourceMappingURL pragmas is deprecated. Use //# instead
1581045590254	Marionette	INFO	Stopped listening on port 51668
1581053326172	mozrunner::runner	INFO	Running command: "/Applications/Firefox.app/Contents/MacOS/firefox-bin" "-marionette" "-foreground" "-no-remote" "-profile" "/var/folders/28/036hxzrj03l5mql22r23rft40000gn/T/rust_mozprofileQLpoIP"
1581053326610	addons.webextension.doh-rollout@mozilla.org	WARN	Loading extension 'doh-rollout@mozilla.org': Reading manifest: Invalid extension permission: networkStatus
1581053326698	addons.webextension.screenshots@mozilla.org	WARN	Loading extension 'screenshots@mozilla.org': Reading manifest: Invalid extension permission: mozillaAddons
1581053326698	addons.webextension.screenshots@mozilla.org	WARN	Loading extension 'screenshots@mozilla.org': Reading manifest: Invalid extension permission: telemetry
1581053326698	addons.webextension.screenshots@mozilla.org	WARN	Loading extension 'screenshots@mozilla.org': Reading manifest: Invalid extension permission: resource://pdf.js/
1581053326698	addons.webextension.screenshots@mozilla.org	WARN	Loading extension 'screenshots@mozilla.org': Reading manifest: Invalid extension permission: about:reader*
1581053328227	Marionette	INFO	Listening on port 52112
1581053328334	Marionette	WARN	TLS certificate errors will be ignored for this session
1581053425578	mozrunner::runner	INFO	Running command: "/Applications/Firefox.app/Contents/MacOS/firefox-bin" "-marionette" "-foreground" "-no-remote" "-profile" "/var/folders/28/036hxzrj03l5mql22r23rft40000gn/T/rust_mozprofileikNj6E"
1581053426053	addons.webextension.doh-rollout@mozilla.org	WARN	Loading extension 'doh-rollout@mozilla.org': Reading manifest: Invalid extension permission: networkStatus
1581053426143	addons.webextension.screenshots@mozilla.org	WARN	Loading extension 'screenshots@mozilla.org': Reading manifest: Invalid extension permission: mozillaAddons
1581053426143	addons.webextension.screenshots@mozilla.org	WARN	Loading extension 'screenshots@mozilla.org': Reading manifest: Invalid extension permission: telemetry
1581053426143	addons.webextension.screenshots@mozilla.org	WARN	Loading extension 'screenshots@mozilla.org': Reading manifest: Invalid extension permission: resource://pdf.js/
1581053426144	addons.webextension.screenshots@mozilla.org	WARN	Loading extension 'screenshots@mozilla.org': Reading manifest: Invalid extension permission: about:reader*
1581053427742	Marionette	INFO	Listening on port 52210
1581053427820	Marionette	WARN	TLS certificate errors will be ignored for this session
1581053454579	Marionette	INFO	Stopped listening on port 52210
1581053457973	Marionette	INFO	Stopped listening on port 52112
1581053507541	mozrunner::runner	INFO	Running command: "/Applications/Firefox.app/Contents/MacOS/firefox-bin" "-marionette" "-foreground" "-no-remote" "-profile" "/var/folders/28/036hxzrj03l5mql22r23rft40000gn/T/rust_mozprofileXemwLA"
1581053507947	addons.webextension.doh-rollout@mozilla.org	WARN	Loading extension 'doh-rollout@mozilla.org': Reading manifest: Invalid extension permission: networkStatus
1581053508088	addons.webextension.screenshots@mozilla.org	WARN	Loading extension 'screenshots@mozilla.org': Reading manifest: Invalid extension permission: mozillaAddons
1581053508088	addons.webextension.screenshots@mozilla.org	WARN	Loading extension 'screenshots@mozilla.org': Reading manifest: Invalid extension permission: telemetry
1581053508088	addons.webextension.screenshots@mozilla.org	WARN	Loading extension 'screenshots@mozilla.org': Reading manifest: Invalid extension permission: resource://pdf.js/
1581053508088	addons.webextension.screenshots@mozilla.org	WARN	Loading extension 'screenshots@mozilla.org': Reading manifest: Invalid extension permission: about:reader*
1581053509837	Marionette	INFO	Listening on port 52333
1581053509905	Marionette	WARN	TLS certificate errors will be ignored for this session
1581053755443	mozrunner::runner	INFO	Running command: "/Applications/Firefox.app/Contents/MacOS/firefox-bin" "-marionette" "-foreground" "-no-remote" "-profile" "/var/folders/28/036hxzrj03l5mql22r23rft40000gn/T/rust_mozprofileTO42b3"
1581053755911	addons.webextension.doh-rollout@mozilla.org	WARN	Loading extension 'doh-rollout@mozilla.org': Reading manifest: Invalid extension permission: networkStatus
1581053756012	addons.webextension.screenshots@mozilla.org	WARN	Loading extension 'screenshots@mozilla.org': Reading manifest: Invalid extension permission: mozillaAddons
1581053756012	addons.webextension.screenshots@mozilla.org	WARN	Loading extension 'screenshots@mozilla.org': Reading manifest: Invalid extension permission: telemetry
1581053756012	addons.webextension.screenshots@mozilla.org	WARN	Loading extension 'screenshots@mozilla.org': Reading manifest: Invalid extension permission: resource://pdf.js/
1581053756012	addons.webextension.screenshots@mozilla.org	WARN	Loading extension 'screenshots@mozilla.org': Reading manifest: Invalid extension permission: about:reader*
1581053757702	Marionette	INFO	Listening on port 52443
1581053757791	Marionette	WARN	TLS certificate errors will be ignored for this session
1581053780066	Marionette	INFO	Stopped listening on port 52443
1581053785540	Marionette	INFO	Stopped listening on port 52333
1581053831458	mozrunner::runner	INFO	Running command: "/Applications/Firefox.app/Contents/MacOS/firefox-bin" "-marionette" "-foreground" "-no-remote" "-profile" "/var/folders/28/036hxzrj03l5mql22r23rft40000gn/T/rust_mozprofileiOdFOw"
1581053831845	addons.webextension.doh-rollout@mozilla.org	WARN	Loading extension 'doh-rollout@mozilla.org': Reading manifest: Invalid extension permission: networkStatus
1581053831934	addons.webextension.screenshots@mozilla.org	WARN	Loading extension 'screenshots@mozilla.org': Reading manifest: Invalid extension permission: mozillaAddons
1581053831934	addons.webextension.screenshots@mozilla.org	WARN	Loading extension 'screenshots@mozilla.org': Reading manifest: Invalid extension permission: telemetry
1581053831934	addons.webextension.screenshots@mozilla.org	WARN	Loading extension 'screenshots@mozilla.org': Reading manifest: Invalid extension permission: resource://pdf.js/
1581053831934	addons.webextension.screenshots@mozilla.org	WARN	Loading extension 'screenshots@mozilla.org': Reading manifest: Invalid extension permission: about:reader*
1581053833478	Marionette	INFO	Listening on port 52533
1581053833512	Marionette	WARN	TLS certificate errors will be ignored for this session
1581053875262	Marionette	INFO	Stopped listening on port 52533
1581054326909	mozrunner::runner	INFO	Running command: "/Applications/Firefox.app/Contents/MacOS/firefox-bin" "-marionette" "-foreground" "-no-remote" "-profile" "/var/folders/28/036hxzrj03l5mql22r23rft40000gn/T/rust_mozprofile3C8c2C"
1581054327288	addons.webextension.doh-rollout@mozilla.org	WARN	Loading extension 'doh-rollout@mozilla.org': Reading manifest: Invalid extension permission: networkStatus
1581054327376	addons.webextension.screenshots@mozilla.org	WARN	Loading extension 'screenshots@mozilla.org': Reading manifest: Invalid extension permission: mozillaAddons
1581054327376	addons.webextension.screenshots@mozilla.org	WARN	Loading extension 'screenshots@mozilla.org': Reading manifest: Invalid extension permission: telemetry
1581054327376	addons.webextension.screenshots@mozilla.org	WARN	Loading extension 'screenshots@mozilla.org': Reading manifest: Invalid extension permission: resource://pdf.js/
1581054327376	addons.webextension.screenshots@mozilla.org	WARN	Loading extension 'screenshots@mozilla.org': Reading manifest: Invalid extension permission: about:reader*
1581054328904	Marionette	INFO	Listening on port 52672
1581054328971	Marionette	WARN	TLS certificate errors will be ignored for this session
JavaScript warning: https://ataylorprint.printercloud.com/assets/scripts/common-1dc9b6bb93.js, line 3686: unreachable code after return statement
JavaScript warning: https://ataylorprint.printercloud.com/assets/scripts/common-1dc9b6bb93.js, line 12223: unreachable code after return statement
JavaScript warning: https://ataylorprint.printercloud.com/assets/scripts/admin-46e311972b.js, line 19402: Using //@ to indicate sourceMappingURL pragmas is deprecated. Use //# instead
JavaScript warning: https://ataylorprint.printercloud.com/assets/scripts/jquery-72dc0c1191.js, line 3686: unreachable code after return statement
JavaScript warning: https://ataylorprint.printercloud.com/assets/scripts/common-1dc9b6bb93.js, line 3686: unreachable code after return statement
JavaScript warning: https://ataylorprint.printercloud.com/assets/scripts/common-1dc9b6bb93.js, line 12223: unreachable code after return statement
JavaScript warning: https://ataylorprint.printercloud.com/assets/scripts/admin-46e311972b.js, line 19402: Using //@ to indicate sourceMappingURL pragmas is deprecated. Use //# instead
JavaScript warning: https://ataylorprint.printercloud.com/assets/scripts/common-1dc9b6bb93.js, line 3686: unreachable code after return statement
JavaScript warning: https://ataylorprint.printercloud.com/assets/scripts/common-1dc9b6bb93.js, line 12223: unreachable code after return statement
JavaScript warning: https://ataylorprint.printercloud.com/assets/scripts/admin-46e311972b.js, line 19402: Using //@ to indicate sourceMappingURL pragmas is deprecated. Use //# instead
JavaScript warning: https://ataylorprint.printercloud.com/assets/scripts/common-1dc9b6bb93.js, line 3686: unreachable code after return statement
JavaScript warning: https://ataylorprint.printercloud.com/assets/scripts/common-1dc9b6bb93.js, line 12223: unreachable code after return statement
JavaScript warning: https://ataylorprint.printercloud.com/assets/scripts/admin-46e311972b.js, line 19402: Using //@ to indicate sourceMappingURL pragmas is deprecated. Use //# instead
JavaScript warning: https://ataylorprint.printercloud.com/assets/scripts/common-1dc9b6bb93.js, line 3686: unreachable code after return statement
JavaScript warning: https://ataylorprint.printercloud.com/assets/scripts/common-1dc9b6bb93.js, line 12223: unreachable code after return statement
JavaScript warning: https://ataylorprint.printercloud.com/assets/scripts/admin-46e311972b.js, line 19402: Using //@ to indicate sourceMappingURL pragmas is deprecated. Use //# instead
JavaScript warning: https://ataylorprint.printercloud.com/assets/scripts/common-1dc9b6bb93.js, line 3686: unreachable code after return statement
JavaScript warning: https://ataylorprint.printercloud.com/assets/scripts/common-1dc9b6bb93.js, line 12223: unreachable code after return statement
JavaScript warning: https://ataylorprint.printercloud.com/assets/scripts/admin-46e311972b.js, line 19402: Using //@ to indicate sourceMappingURL pragmas is deprecated. Use //# instead
JavaScript warning: https://ataylorprint.printercloud.com/assets/scripts/common-1dc9b6bb93.js, line 3686: unreachable code after return statement
JavaScript warning: https://ataylorprint.printercloud.com/assets/scripts/common-1dc9b6bb93.js, line 12223: unreachable code after return statement
JavaScript warning: https://ataylorprint.printercloud.com/assets/scripts/admin-46e311972b.js, line 19402: Using //@ to indicate sourceMappingURL pragmas is deprecated. Use //# instead
JavaScript warning: https://ataylorprint.printercloud.com/assets/scripts/common-1dc9b6bb93.js, line 3686: unreachable code after return statement
JavaScript warning: https://ataylorprint.printercloud.com/assets/scripts/common-1dc9b6bb93.js, line 12223: unreachable code after return statement
JavaScript warning: https://ataylorprint.printercloud.com/assets/scripts/admin-46e311972b.js, line 19402: Using //@ to indicate sourceMappingURL pragmas is deprecated. Use //# instead
1581054477612	Marionette	INFO	Stopped listening on port 52672
1581054757108	mozrunner::runner	INFO	Running command: "/Applications/Firefox.app/Contents/MacOS/firefox-bin" "-marionette" "-foreground" "-no-remote" "-profile" "/var/folders/28/036hxzrj03l5mql22r23rft40000gn/T/rust_mozprofile8PmBbi"
1581054757479	addons.webextension.doh-rollout@mozilla.org	WARN	Loading extension 'doh-rollout@mozilla.org': Reading manifest: Invalid extension permission: networkStatus
1581054757569	addons.webextension.screenshots@mozilla.org	WARN	Loading extension 'screenshots@mozilla.org': Reading manifest: Invalid extension permission: mozillaAddons
1581054757569	addons.webextension.screenshots@mozilla.org	WARN	Loading extension 'screenshots@mozilla.org': Reading manifest: Invalid extension permission: telemetry
1581054757569	addons.webextension.screenshots@mozilla.org	WARN	Loading extension 'screenshots@mozilla.org': Reading manifest: Invalid extension permission: resource://pdf.js/
1581054757569	addons.webextension.screenshots@mozilla.org	WARN	Loading extension 'screenshots@mozilla.org': Reading manifest: Invalid extension permission: about:reader*
1581054759136	Marionette	INFO	Listening on port 52954
1581054759148	Marionette	WARN	TLS certificate errors will be ignored for this session
JavaScript warning: https://ataylorprint.printercloud.com/assets/scripts/common-1dc9b6bb93.js, line 3686: unreachable code after return statement
JavaScript warning: https://ataylorprint.printercloud.com/assets/scripts/common-1dc9b6bb93.js, line 12223: unreachable code after return statement
JavaScript warning: https://ataylorprint.printercloud.com/assets/scripts/admin-46e311972b.js, line 19402: Using //@ to indicate sourceMappingURL pragmas is deprecated. Use //# instead
1581054853201	Marionette	WARN	TimedPromise timed out after 500 ms: stacktrace:
bail@chrome://marionette/content/sync.js:237:64
JavaScript warning: https://ataylorprint.printercloud.com/assets/scripts/jquery-72dc0c1191.js, line 3686: unreachable code after return statement
JavaScript warning: https://ataylorprint.printercloud.com/assets/scripts/common-1dc9b6bb93.js, line 3686: unreachable code after return statement
JavaScript warning: https://ataylorprint.printercloud.com/assets/scripts/common-1dc9b6bb93.js, line 12223: unreachable code after return statement
JavaScript warning: https://ataylorprint.printercloud.com/assets/scripts/admin-46e311972b.js, line 19402: Using //@ to indicate sourceMappingURL pragmas is deprecated. Use //# instead
JavaScript warning: https://ataylorprint.printercloud.com/assets/scripts/common-1dc9b6bb93.js, line 3686: unreachable code after return statement
JavaScript warning: https://ataylorprint.printercloud.com/assets/scripts/common-1dc9b6bb93.js, line 12223: unreachable code after return statement
JavaScript warning: https://ataylorprint.printercloud.com/assets/scripts/admin-46e311972b.js, line 19402: Using //@ to indicate sourceMappingURL pragmas is deprecated. Use //# instead
JavaScript warning: https://ataylorprint.printercloud.com/assets/scripts/common-1dc9b6bb93.js, line 3686: unreachable code after return statement
JavaScript warning: https://ataylorprint.printercloud.com/assets/scripts/common-1dc9b6bb93.js, line 12223: unreachable code after return statement
JavaScript warning: https://ataylorprint.printercloud.com/assets/scripts/admin-46e311972b.js, line 19402: Using //@ to indicate sourceMappingURL pragmas is deprecated. Use //# instead
JavaScript warning: https://ataylorprint.printercloud.com/assets/scripts/common-1dc9b6bb93.js, line 3686: unreachable code after return statement
JavaScript warning: https://ataylorprint.printercloud.com/assets/scripts/common-1dc9b6bb93.js, line 12223: unreachable code after return statement
JavaScript warning: https://ataylorprint.printercloud.com/assets/scripts/admin-46e311972b.js, line 19402: Using //@ to indicate sourceMappingURL pragmas is deprecated. Use //# instead
JavaScript warning: https://ataylorprint.printercloud.com/assets/scripts/common-1dc9b6bb93.js, line 3686: unreachable code after return statement
JavaScript warning: https://ataylorprint.printercloud.com/assets/scripts/common-1dc9b6bb93.js, line 12223: unreachable code after return statement
JavaScript warning: https://ataylorprint.printercloud.com/assets/scripts/admin-46e311972b.js, line 19402: Using //@ to indicate sourceMappingURL pragmas is deprecated. Use //# instead
1581054901911	Marionette	WARN	TimedPromise timed out after 500 ms: stacktrace:
bail@chrome://marionette/content/sync.js:237:64
JavaScript warning: https://ataylorprint.printercloud.com/assets/scripts/common-1dc9b6bb93.js, line 3686: unreachable code after return statement
JavaScript warning: https://ataylorprint.printercloud.com/assets/scripts/common-1dc9b6bb93.js, line 12223: unreachable code after return statement
JavaScript warning: https://ataylorprint.printercloud.com/assets/scripts/admin-46e311972b.js, line 19402: Using //@ to indicate sourceMappingURL pragmas is deprecated. Use //# instead
JavaScript warning: https://ataylorprint.printercloud.com/assets/scripts/common-1dc9b6bb93.js, line 3686: unreachable code after return statement
JavaScript warning: https://ataylorprint.printercloud.com/assets/scripts/common-1dc9b6bb93.js, line 12223: unreachable code after return statement
JavaScript warning: https://ataylorprint.printercloud.com/assets/scripts/admin-46e311972b.js, line 19402: Using //@ to indicate sourceMappingURL pragmas is deprecated. Use //# instead
JavaScript warning: https://ataylorprint.printercloud.com/assets/scripts/common-1dc9b6bb93.js, line 3686: unreachable code after return statement
JavaScript warning: https://ataylorprint.printercloud.com/assets/scripts/common-1dc9b6bb93.js, line 12223: unreachable code after return statement
JavaScript warning: https://ataylorprint.printercloud.com/assets/scripts/admin-46e311972b.js, line 19402: Using //@ to indicate sourceMappingURL pragmas is deprecated. Use //# instead
JavaScript warning: https://ataylorprint.printercloud.com/assets/scripts/common-1dc9b6bb93.js, line 3686: unreachable code after return statement
JavaScript warning: https://ataylorprint.printercloud.com/assets/scripts/common-1dc9b6bb93.js, line 12223: unreachable code after return statement
JavaScript warning: https://ataylorprint.printercloud.com/assets/scripts/admin-46e311972b.js, line 19402: Using //@ to indicate sourceMappingURL pragmas is deprecated. Use //# instead
1581054942191	Marionette	INFO	Stopped listening on port 52954

###!!! [Child][RunMessage] Error: Channel closing: too late to send/recv, messages will be lost

1581055191646	mozrunner::runner	INFO	Running command: "/Applications/Firefox.app/Contents/MacOS/firefox-bin" "-marionette" "-foreground" "-no-remote" "-profile" "/var/folders/28/036hxzrj03l5mql22r23rft40000gn/T/rust_mozprofiler1N24T"
1581055192012	addons.webextension.doh-rollout@mozilla.org	WARN	Loading extension 'doh-rollout@mozilla.org': Reading manifest: Invalid extension permission: networkStatus
1581055192099	addons.webextension.screenshots@mozilla.org	WARN	Loading extension 'screenshots@mozilla.org': Reading manifest: Invalid extension permission: mozillaAddons
1581055192099	addons.webextension.screenshots@mozilla.org	WARN	Loading extension 'screenshots@mozilla.org': Reading manifest: Invalid extension permission: telemetry
1581055192099	addons.webextension.screenshots@mozilla.org	WARN	Loading extension 'screenshots@mozilla.org': Reading manifest: Invalid extension permission: resource://pdf.js/
1581055192099	addons.webextension.screenshots@mozilla.org	WARN	Loading extension 'screenshots@mozilla.org': Reading manifest: Invalid extension permission: about:reader*
1581055193562	Marionette	INFO	Listening on port 53243
1581055193588	Marionette	WARN	TLS certificate errors will be ignored for this session
JavaScript warning: https://ataylorprint.printercloud.com/assets/scripts/common-1dc9b6bb93.js, line 3686: unreachable code after return statement
JavaScript warning: https://ataylorprint.printercloud.com/assets/scripts/common-1dc9b6bb93.js, line 12223: unreachable code after return statement
JavaScript warning: https://ataylorprint.printercloud.com/assets/scripts/admin-46e311972b.js, line 19402: Using //@ to indicate sourceMappingURL pragmas is deprecated. Use //# instead
JavaScript warning: https://ataylorprint.printercloud.com/assets/scripts/jquery-72dc0c1191.js, line 3686: unreachable code after return statement
JavaScript warning: https://ataylorprint.printercloud.com/assets/scripts/common-1dc9b6bb93.js, line 3686: unreachable code after return statement
JavaScript warning: https://ataylorprint.printercloud.com/assets/scripts/common-1dc9b6bb93.js, line 12223: unreachable code after return statement
JavaScript warning: https://ataylorprint.printercloud.com/assets/scripts/admin-46e311972b.js, line 19402: Using //@ to indicate sourceMappingURL pragmas is deprecated. Use //# instead
JavaScript warning: https://ataylorprint.printercloud.com/assets/scripts/common-1dc9b6bb93.js, line 3686: unreachable code after return statement
JavaScript warning: https://ataylorprint.printercloud.com/assets/scripts/common-1dc9b6bb93.js, line 12223: unreachable code after return statement
JavaScript warning: https://ataylorprint.printercloud.com/assets/scripts/admin-46e311972b.js, line 19402: Using //@ to indicate sourceMappingURL pragmas is deprecated. Use //# instead
JavaScript warning: https://ataylorprint.printercloud.com/assets/scripts/common-1dc9b6bb93.js, line 3686: unreachable code after return statement
JavaScript warning: https://ataylorprint.printercloud.com/assets/scripts/common-1dc9b6bb93.js, line 12223: unreachable code after return statement
JavaScript warning: https://ataylorprint.printercloud.com/assets/scripts/admin-46e311972b.js, line 19402: Using //@ to indicate sourceMappingURL pragmas is deprecated. Use //# instead
JavaScript warning: https://ataylorprint.printercloud.com/assets/scripts/common-1dc9b6bb93.js, line 3686: unreachable code after return statement
JavaScript warning: https://ataylorprint.printercloud.com/assets/scripts/common-1dc9b6bb93.js, line 12223: unreachable code after return statement
JavaScript warning: https://ataylorprint.printercloud.com/assets/scripts/admin-46e311972b.js, line 19402: Using //@ to indicate sourceMappingURL pragmas is deprecated. Use //# instead
JavaScript warning: https://ataylorprint.printercloud.com/assets/scripts/common-1dc9b6bb93.js, line 3686: unreachable code after return statement
JavaScript warning: https://ataylorprint.printercloud.com/assets/scripts/common-1dc9b6bb93.js, line 12223: unreachable code after return statement
JavaScript warning: https://ataylorprint.printercloud.com/assets/scripts/admin-46e311972b.js, line 19402: Using //@ to indicate sourceMappingURL pragmas is deprecated. Use //# instead
JavaScript warning: https://ataylorprint.printercloud.com/assets/scripts/common-1dc9b6bb93.js, line 3686: unreachable code after return statement
JavaScript warning: https://ataylorprint.printercloud.com/assets/scripts/common-1dc9b6bb93.js, line 12223: unreachable code after return statement
JavaScript warning: https://ataylorprint.printercloud.com/assets/scripts/admin-46e311972b.js, line 19402: Using //@ to indicate sourceMappingURL pragmas is deprecated. Use //# instead
JavaScript warning: https://ataylorprint.printercloud.com/assets/scripts/common-1dc9b6bb93.js, line 3686: unreachable code after return statement
JavaScript warning: https://ataylorprint.printercloud.com/assets/scripts/common-1dc9b6bb93.js, line 12223: unreachable code after return statement
JavaScript warning: https://ataylorprint.printercloud.com/assets/scripts/admin-46e311972b.js, line 19402: Using //@ to indicate sourceMappingURL pragmas is deprecated. Use //# instead
JavaScript warning: https://ataylorprint.printercloud.com/assets/scripts/common-1dc9b6bb93.js, line 3686: unreachable code after return statement
JavaScript warning: https://ataylorprint.printercloud.com/assets/scripts/common-1dc9b6bb93.js, line 12223: unreachable code after return statement
JavaScript warning: https://ataylorprint.printercloud.com/assets/scripts/admin-46e311972b.js, line 19402: Using //@ to indicate sourceMappingURL pragmas is deprecated. Use //# instead
JavaScript warning: https://ataylorprint.printercloud.com/assets/scripts/common-1dc9b6bb93.js, line 3686: unreachable code after return statement
JavaScript warning: https://ataylorprint.printercloud.com/assets/scripts/common-1dc9b6bb93.js, line 12223: unreachable code after return statement
JavaScript warning: https://ataylorprint.printercloud.com/assets/scripts/admin-46e311972b.js, line 19402: Using //@ to indicate sourceMappingURL pragmas is deprecated. Use //# instead
JavaScript warning: https://ataylorprint.printercloud.com/assets/scripts/common-1dc9b6bb93.js, line 3686: unreachable code after return statement
JavaScript warning: https://ataylorprint.printercloud.com/assets/scripts/common-1dc9b6bb93.js, line 12223: unreachable code after return statement
JavaScript warning: https://ataylorprint.printercloud.com/assets/scripts/admin-46e311972b.js, line 19402: Using //@ to indicate sourceMappingURL pragmas is deprecated. Use //# instead
JavaScript warning: https://ataylorprint.printercloud.com/assets/scripts/common-1dc9b6bb93.js, line 3686: unreachable code after return statement
JavaScript warning: https://ataylorprint.printercloud.com/assets/scripts/common-1dc9b6bb93.js, line 12223: unreachable code after return statement
JavaScript warning: https://ataylorprint.printercloud.com/assets/scripts/admin-46e311972b.js, line 19402: Using //@ to indicate sourceMappingURL pragmas is deprecated. Use //# instead
1581055373633	Marionette	INFO	Stopped listening on port 53243

###!!! [Child][RunMessage] Error: Channel closing: too late to send/recv, messages will be lost

1581055887507	mozrunner::runner	INFO	Running command: "/Applications/Firefox.app/Contents/MacOS/firefox-bin" "-marionette" "-foreground" "-no-remote" "-profile" "/var/folders/28/036hxzrj03l5mql22r23rft40000gn/T/rust_mozprofileJSEBGp"
1581055887881	addons.webextension.doh-rollout@mozilla.org	WARN	Loading extension 'doh-rollout@mozilla.org': Reading manifest: Invalid extension permission: networkStatus
1581055887968	addons.webextension.screenshots@mozilla.org	WARN	Loading extension 'screenshots@mozilla.org': Reading manifest: Invalid extension permission: mozillaAddons
1581055887968	addons.webextension.screenshots@mozilla.org	WARN	Loading extension 'screenshots@mozilla.org': Reading manifest: Invalid extension permission: telemetry
1581055887968	addons.webextension.screenshots@mozilla.org	WARN	Loading extension 'screenshots@mozilla.org': Reading manifest: Invalid extension permission: resource://pdf.js/
1581055887968	addons.webextension.screenshots@mozilla.org	WARN	Loading extension 'screenshots@mozilla.org': Reading manifest: Invalid extension permission: about:reader*
1581055889464	Marionette	INFO	Listening on port 53580
1581055889542	Marionette	WARN	TLS certificate errors will be ignored for this session
JavaScript warning: https://ataylorprint.printercloud.com/assets/scripts/common-1dc9b6bb93.js, line 3686: unreachable code after return statement
JavaScript warning: https://ataylorprint.printercloud.com/assets/scripts/common-1dc9b6bb93.js, line 12223: unreachable code after return statement
JavaScript warning: https://ataylorprint.printercloud.com/assets/scripts/admin-46e311972b.js, line 19402: Using //@ to indicate sourceMappingURL pragmas is deprecated. Use //# instead
1581055978165	Marionette	WARN	TimedPromise timed out after 500 ms: stacktrace:
bail@chrome://marionette/content/sync.js:237:64
JavaScript warning: https://ataylorprint.printercloud.com/assets/scripts/jquery-72dc0c1191.js, line 3686: unreachable code after return statement
JavaScript warning: https://ataylorprint.printercloud.com/assets/scripts/common-1dc9b6bb93.js, line 3686: unreachable code after return statement
JavaScript warning: https://ataylorprint.printercloud.com/assets/scripts/common-1dc9b6bb93.js, line 12223: unreachable code after return statement
JavaScript warning: https://ataylorprint.printercloud.com/assets/scripts/admin-46e311972b.js, line 19402: Using //@ to indicate sourceMappingURL pragmas is deprecated. Use //# instead
JavaScript warning: https://ataylorprint.printercloud.com/assets/scripts/common-1dc9b6bb93.js, line 3686: unreachable code after return statement
JavaScript warning: https://ataylorprint.printercloud.com/assets/scripts/common-1dc9b6bb93.js, line 12223: unreachable code after return statement
JavaScript warning: https://ataylorprint.printercloud.com/assets/scripts/admin-46e311972b.js, line 19402: Using //@ to indicate sourceMappingURL pragmas is deprecated. Use //# instead
JavaScript warning: https://ataylorprint.printercloud.com/assets/scripts/common-1dc9b6bb93.js, line 3686: unreachable code after return statement
JavaScript warning: https://ataylorprint.printercloud.com/assets/scripts/common-1dc9b6bb93.js, line 12223: unreachable code after return statement
JavaScript warning: https://ataylorprint.printercloud.com/assets/scripts/admin-46e311972b.js, line 19402: Using //@ to indicate sourceMappingURL pragmas is deprecated. Use //# instead
JavaScript warning: https://ataylorprint.printercloud.com/assets/scripts/common-1dc9b6bb93.js, line 3686: unreachable code after return statement
JavaScript warning: https://ataylorprint.printercloud.com/assets/scripts/common-1dc9b6bb93.js, line 12223: unreachable code after return statement
JavaScript warning: https://ataylorprint.printercloud.com/assets/scripts/admin-46e311972b.js, line 19402: Using //@ to indicate sourceMappingURL pragmas is deprecated. Use //# instead
JavaScript warning: https://ataylorprint.printercloud.com/assets/scripts/common-1dc9b6bb93.js, line 3686: unreachable code after return statement
JavaScript warning: https://ataylorprint.printercloud.com/assets/scripts/common-1dc9b6bb93.js, line 12223: unreachable code after return statement
JavaScript warning: https://ataylorprint.printercloud.com/assets/scripts/admin-46e311972b.js, line 19402: Using //@ to indicate sourceMappingURL pragmas is deprecated. Use //# instead
JavaScript warning: https://ataylorprint.printercloud.com/assets/scripts/common-1dc9b6bb93.js, line 3686: unreachable code after return statement
JavaScript warning: https://ataylorprint.printercloud.com/assets/scripts/common-1dc9b6bb93.js, line 12223: unreachable code after return statement
JavaScript warning: https://ataylorprint.printercloud.com/assets/scripts/admin-46e311972b.js, line 19402: Using //@ to indicate sourceMappingURL pragmas is deprecated. Use //# instead
JavaScript warning: https://ataylorprint.printercloud.com/assets/scripts/common-1dc9b6bb93.js, line 3686: unreachable code after return statement
JavaScript warning: https://ataylorprint.printercloud.com/assets/scripts/common-1dc9b6bb93.js, line 12223: unreachable code after return statement
JavaScript warning: https://ataylorprint.printercloud.com/assets/scripts/admin-46e311972b.js, line 19402: Using //@ to indicate sourceMappingURL pragmas is deprecated. Use //# instead
JavaScript warning: https://ataylorprint.printercloud.com/assets/scripts/common-1dc9b6bb93.js, line 3686: unreachable code after return statement
JavaScript warning: https://ataylorprint.printercloud.com/assets/scripts/common-1dc9b6bb93.js, line 12223: unreachable code after return statement
JavaScript warning: https://ataylorprint.printercloud.com/assets/scripts/admin-46e311972b.js, line 19402: Using //@ to indicate sourceMappingURL pragmas is deprecated. Use //# instead
JavaScript warning: https://ataylorprint.printercloud.com/assets/scripts/common-1dc9b6bb93.js, line 3686: unreachable code after return statement
JavaScript warning: https://ataylorprint.printercloud.com/assets/scripts/common-1dc9b6bb93.js, line 12223: unreachable code after return statement
JavaScript warning: https://ataylorprint.printercloud.com/assets/scripts/admin-46e311972b.js, line 19402: Using //@ to indicate sourceMappingURL pragmas is deprecated. Use //# instead
JavaScript warning: https://ataylorprint.printercloud.com/assets/scripts/common-1dc9b6bb93.js, line 3686: unreachable code after return statement
JavaScript warning: https://ataylorprint.printercloud.com/assets/scripts/common-1dc9b6bb93.js, line 12223: unreachable code after return statement
JavaScript warning: https://ataylorprint.printercloud.com/assets/scripts/admin-46e311972b.js, line 19402: Using //@ to indicate sourceMappingURL pragmas is deprecated. Use //# instead
JavaScript warning: https://ataylorprint.printercloud.com/assets/scripts/common-1dc9b6bb93.js, line 3686: unreachable code after return statement
JavaScript warning: https://ataylorprint.printercloud.com/assets/scripts/common-1dc9b6bb93.js, line 12223: unreachable code after return statement
JavaScript warning: https://ataylorprint.printercloud.com/assets/scripts/admin-46e311972b.js, line 19402: Using //@ to indicate sourceMappingURL pragmas is deprecated. Use //# instead
1581056069593	Marionette	INFO	Stopped listening on port 53580
